# JRE version: OpenJDK Runtime Environment (8.0_152-b01) (build 1.8.0_152-release-1248-b01)
# Java VM: OpenJDK 64-Bit Server VM (25.152-b01 mixed mode windows-amd64 compressed oops)
Heap:
 PSYoungGen      total 359936K, used 167803K [0x00000000e0000000, 0x00000000fad80000, 0x0000000100000000)
  eden space 326656K, 47% used [0x00000000e0000000,0x00000000e98c3a18,0x00000000f3f00000)
  from space 33280K, 34% used [0x00000000f8d00000,0x00000000f981b3e0,0x00000000fad80000)
  to   space 34816K, 0% used [0x00000000f3f00000,0x00000000f3f00000,0x00000000f6100000)
 ParOldGen       total 114688K, used 54532K [0x00000000a0000000, 0x00000000a7000000, 0x00000000e0000000)
  object space 114688K, 47% used [0x00000000a0000000,0x00000000a35412c8,0x00000000a7000000)
 Metaspace       used 91534K, capacity 96034K, committed 97152K, reserved 1134592K
  class space    used 11474K, capacity 12355K, committed 12672K, reserved 1048576K
GC Heap History (10 events):
Event: 12150.770 GC heap before
{Heap before GC invocations=20 (full 3):
 PSYoungGen      total 349696K, used 349401K [0x00000000e0000000, 0x00000000f8900000, 0x0000000100000000)
  eden space 343040K, 100% used [0x00000000e0000000,0x00000000f4f00000,0x00000000f4f00000)
  from space 6656K, 95% used [0x00000000f8280000,0x00000000f88b64e8,0x00000000f8900000)
  to   space 20992K, 0% used [0x00000000f6000000,0x00000000f6000000,0x00000000f7480000)
 ParOldGen       total 76288K, used 42183K [0x00000000a0000000, 0x00000000a4a80000, 0x00000000e0000000)
  object space 76288K, 55% used [0x00000000a0000000,0x00000000a2931df8,0x00000000a4a80000)
 Metaspace       used 88628K, capacity 93344K, committed 93440K, reserved 1130496K
  class space    used 11313K, capacity 12253K, committed 12288K, reserved 1048576K
Event: 12150.815 GC heap after
Heap after GC invocations=20 (full 3):
 PSYoungGen      total 348672K, used 20961K [0x00000000e0000000, 0x00000000f8300000, 0x0000000100000000)
  eden space 327680K, 0% used [0x00000000e0000000,0x00000000e0000000,0x00000000f4000000)
  from space 20992K, 99% used [0x00000000f6000000,0x00000000f7478750,0x00000000f7480000)
  to   space 14848K, 0% used [0x00000000f7480000,0x00000000f7480000,0x00000000f8300000)
 ParOldGen       total 76288K, used 56302K [0x00000000a0000000, 0x00000000a4a80000, 0x00000000e0000000)
  object space 76288K, 73% used [0x00000000a0000000,0x00000000a36fba98,0x00000000a4a80000)
 Metaspace       used 88628K, capacity 93344K, committed 93440K, reserved 1130496K
  class space    used 11313K, capacity 12253K, committed 12288K, reserved 1048576K
}
Event: 12152.635 GC heap before
{Heap before GC invocations=21 (full 3):
 PSYoungGen      total 348672K, used 348641K [0x00000000e0000000, 0x00000000f8300000, 0x0000000100000000)
  eden space 327680K, 100% used [0x00000000e0000000,0x00000000f4000000,0x00000000f4000000)
  from space 20992K, 99% used [0x00000000f6000000,0x00000000f7478750,0x00000000f7480000)
  to   space 14848K, 0% used [0x00000000f7480000,0x00000000f7480000,0x00000000f8300000)
 ParOldGen       total 76288K, used 56302K [0x00000000a0000000, 0x00000000a4a80000, 0x00000000e0000000)
  object space 76288K, 73% used [0x00000000a0000000,0x00000000a36fba98,0x00000000a4a80000)
 Metaspace       used 91693K, capacity 96816K, committed 96896K, reserved 1134592K
  class space    used 11597K, capacity 12601K, committed 12672K, reserved 1048576K
Event: 12152.677 GC heap after
Heap after GC invocations=21 (full 3):
 PSYoungGen      total 327680K, used 14821K [0x00000000e0000000, 0x00000000f8300000, 0x0000000100000000)
  eden space 312832K, 0% used [0x00000000e0000000,0x00000000e0000000,0x00000000f3180000)
  from space 14848K, 99% used [0x00000000f7480000,0x00000000f82f95e8,0x00000000f8300000)
  to   space 34816K, 0% used [0x00000000f3f00000,0x00000000f3f00000,0x00000000f6100000)
 ParOldGen       total 76288K, used 72372K [0x00000000a0000000, 0x00000000a4a80000, 0x00000000e0000000)
  object space 76288K, 94% used [0x00000000a0000000,0x00000000a46ad0f8,0x00000000a4a80000)
 Metaspace       used 91693K, capacity 96816K, committed 96896K, reserved 1134592K
  class space    used 11597K, capacity 12601K, committed 12672K, reserved 1048576K
}
Event: 12152.690 GC heap before
{Heap before GC invocations=22 (full 4):
 PSYoungGen      total 327680K, used 14821K [0x00000000e0000000, 0x00000000f8300000, 0x0000000100000000)
  eden space 312832K, 0% used [0x00000000e0000000,0x00000000e0000000,0x00000000f3180000)
  from space 14848K, 99% used [0x00000000f7480000,0x00000000f82f95e8,0x00000000f8300000)
  to   space 34816K, 0% used [0x00000000f3f00000,0x00000000f3f00000,0x00000000f6100000)
 ParOldGen       total 76288K, used 72372K [0x00000000a0000000, 0x00000000a4a80000, 0x00000000e0000000)
  object space 76288K, 94% used [0x00000000a0000000,0x00000000a46ad0f8,0x00000000a4a80000)
 Metaspace       used 91693K, capacity 96816K, committed 96896K, reserved 1134592K
  class space    used 11597K, capacity 12601K, committed 12672K, reserved 1048576K
Event: 12153.150 GC heap after
Heap after GC invocations=22 (full 4):
 PSYoungGen      total 327680K, used 0K [0x00000000e0000000, 0x00000000f8300000, 0x0000000100000000)
  eden space 312832K, 0% used [0x00000000e0000000,0x00000000e0000000,0x00000000f3180000)
  from space 14848K, 0% used [0x00000000f7480000,0x00000000f7480000,0x00000000f8300000)
  to   space 34816K, 0% used [0x00000000f3f00000,0x00000000f3f00000,0x00000000f6100000)
 ParOldGen       total 114688K, used 54532K [0x00000000a0000000, 0x00000000a7000000, 0x00000000e0000000)
  object space 114688K, 47% used [0x00000000a0000000,0x00000000a35412c8,0x00000000a7000000)
 Metaspace       used 91151K, capacity 95594K, committed 96896K, reserved 1134592K
  class space    used 11464K, capacity 12355K, committed 12672K, reserved 1048576K
}
Event: 12154.030 GC heap before
{Heap before GC invocations=23 (full 4):
 PSYoungGen      total 327680K, used 312832K [0x00000000e0000000, 0x00000000f8300000, 0x0000000100000000)
  eden space 312832K, 100% used [0x00000000e0000000,0x00000000f3180000,0x00000000f3180000)
  from space 14848K, 0% used [0x00000000f7480000,0x00000000f7480000,0x00000000f8300000)
  to   space 34816K, 0% used [0x00000000f3f00000,0x00000000f3f00000,0x00000000f6100000)
 ParOldGen       total 114688K, used 54532K [0x00000000a0000000, 0x00000000a7000000, 0x00000000e0000000)
  object space 114688K, 47% used [0x00000000a0000000,0x00000000a35412c8,0x00000000a7000000)
 Metaspace       used 91206K, capacity 95610K, committed 96896K, reserved 1134592K
  class space    used 11468K, capacity 12355K, committed 12672K, reserved 1048576K
Event: 12154.049 GC heap after
Heap after GC invocations=23 (full 4):
 PSYoungGen      total 361472K, used 8320K [0x00000000e0000000, 0x00000000fad80000, 0x0000000100000000)
  eden space 326656K, 0% used [0x00000000e0000000,0x00000000e0000000,0x00000000f3f00000)
  from space 34816K, 23% used [0x00000000f3f00000,0x00000000f47201f8,0x00000000f6100000)
  to   space 33280K, 0% used [0x00000000f8d00000,0x00000000f8d00000,0x00000000fad80000)
 ParOldGen       total 114688K, used 54532K [0x00000000a0000000, 0x00000000a7000000, 0x00000000e0000000)
  object space 114688K, 47% used [0x00000000a0000000,0x00000000a35412c8,0x00000000a7000000)
 Metaspace       used 91206K, capacity 95610K, committed 96896K, reserved 1134592K
  class space    used 11468K, capacity 12355K, committed 12672K, reserved 1048576K
}
Event: 12155.016 GC heap before
{Heap before GC invocations=24 (full 4):
 PSYoungGen      total 361472K, used 334976K [0x00000000e0000000, 0x00000000fad80000, 0x0000000100000000)
  eden space 326656K, 100% used [0x00000000e0000000,0x00000000f3f00000,0x00000000f3f00000)
  from space 34816K, 23% used [0x00000000f3f00000,0x00000000f47201f8,0x00000000f6100000)
  to   space 33280K, 0% used [0x00000000f8d00000,0x00000000f8d00000,0x00000000fad80000)
 ParOldGen       total 114688K, used 54532K [0x00000000a0000000, 0x00000000a7000000, 0x00000000e0000000)
  object space 114688K, 47% used [0x00000000a0000000,0x00000000a35412c8,0x00000000a7000000)
 Metaspace       used 91483K, capacity 95958K, committed 97152K, reserved 1134592K
  class space    used 11474K, capacity 12355K, committed 12672K, reserved 1048576K
Event: 12155.039 GC heap after
Heap after GC invocations=24 (full 4):
 PSYoungGen      total 359936K, used 11372K [0x00000000e0000000, 0x00000000fad80000, 0x0000000100000000)
  eden space 326656K, 0% used [0x00000000e0000000,0x00000000e0000000,0x00000000f3f00000)
  from space 33280K, 34% used [0x00000000f8d00000,0x00000000f981b3e0,0x00000000fad80000)
  to   space 34816K, 0% used [0x00000000f3f00000,0x00000000f3f00000,0x00000000f6100000)
 ParOldGen       total 114688K, used 54532K [0x00000000a0000000, 0x00000000a7000000, 0x00000000e0000000)
  object space 114688K, 47% used [0x00000000a0000000,0x00000000a35412c8,0x00000000a7000000)
 Metaspace       used 91483K, capacity 95958K, committed 97152K, reserved 1134592K
  class space    used 11474K, capacity 12355K, committed 12672K, reserved 1048576K
}

