# JRE version: OpenJDK Runtime Environment (8.0_152-b01) (build 1.8.0_152-release-1248-b01)
# Java VM: OpenJDK 64-Bit Server VM (25.152-b01 mixed mode windows-amd64 compressed oops)
Heap:
 PSYoungGen      total 400896K, used 173741K [0x00000000e0000000, 0x00000000fd300000, 0x0000000100000000)
  eden space 382464K, 44% used [0x00000000e0000000,0x00000000ea599870,0x00000000f7580000)
  from space 18432K, 22% used [0x00000000f7580000,0x00000000f7991d68,0x00000000f8780000)
  to   space 17920K, 0% used [0x00000000fc180000,0x00000000fc180000,0x00000000fd300000)
 ParOldGen       total 115200K, used 72502K [0x00000000a0000000, 0x00000000a7080000, 0x00000000e0000000)
  object space 115200K, 62% used [0x00000000a0000000,0x00000000a46cdb80,0x00000000a7080000)
 Metaspace       used 70262K, capacity 72578K, committed 72856K, reserved 1112064K
  class space    used 9237K, capacity 9746K, committed 9904K, reserved 1048576K
GC Heap History (10 events):
Event: 26.845 GC heap before
{Heap before GC invocations=25 (full 4):
 PSYoungGen      total 279040K, used 261120K [0x00000000e0000000, 0x00000000f2400000, 0x0000000100000000)
  eden space 261120K, 100% used [0x00000000e0000000,0x00000000eff00000,0x00000000eff00000)
  from space 17920K, 0% used [0x00000000f1280000,0x00000000f1280000,0x00000000f2400000)
  to   space 18944K, 0% used [0x00000000eff00000,0x00000000eff00000,0x00000000f1180000)
 ParOldGen       total 115200K, used 53807K [0x00000000a0000000, 0x00000000a7080000, 0x00000000e0000000)
  object space 115200K, 46% used [0x00000000a0000000,0x00000000a348be20,0x00000000a7080000)
 Metaspace       used 69073K, capacity 71284K, committed 71704K, reserved 1112064K
  class space    used 9153K, capacity 9647K, committed 9776K, reserved 1048576K
Event: 26.856 GC heap after
Heap after GC invocations=25 (full 4):
 PSYoungGen      total 280064K, used 8092K [0x00000000e0000000, 0x00000000f5900000, 0x0000000100000000)
  eden space 261120K, 0% used [0x00000000e0000000,0x00000000e0000000,0x00000000eff00000)
  from space 18944K, 42% used [0x00000000eff00000,0x00000000f06e7080,0x00000000f1180000)
  to   space 17920K, 0% used [0x00000000f4780000,0x00000000f4780000,0x00000000f5900000)
 ParOldGen       total 115200K, used 53807K [0x00000000a0000000, 0x00000000a7080000, 0x00000000e0000000)
  object space 115200K, 46% used [0x00000000a0000000,0x00000000a348be20,0x00000000a7080000)
 Metaspace       used 69073K, capacity 71284K, committed 71704K, reserved 1112064K
  class space    used 9153K, capacity 9647K, committed 9776K, reserved 1048576K
}
Event: 28.027 GC heap before
{Heap before GC invocations=26 (full 4):
 PSYoungGen      total 280064K, used 269212K [0x00000000e0000000, 0x00000000f5900000, 0x0000000100000000)
  eden space 261120K, 100% used [0x00000000e0000000,0x00000000eff00000,0x00000000eff00000)
  from space 18944K, 42% used [0x00000000eff00000,0x00000000f06e7080,0x00000000f1180000)
  to   space 17920K, 0% used [0x00000000f4780000,0x00000000f4780000,0x00000000f5900000)
 ParOldGen       total 115200K, used 53807K [0x00000000a0000000, 0x00000000a7080000, 0x00000000e0000000)
  object space 115200K, 46% used [0x00000000a0000000,0x00000000a348be20,0x00000000a7080000)
 Metaspace       used 69165K, capacity 71436K, committed 71960K, reserved 1112064K
  class space    used 9153K, capacity 9647K, committed 9776K, reserved 1048576K
Event: 28.039 GC heap after
Heap after GC invocations=26 (full 4):
 PSYoungGen      total 328192K, used 4955K [0x00000000e0000000, 0x00000000f5500000, 0x0000000100000000)
  eden space 314368K, 0% used [0x00000000e0000000,0x00000000e0000000,0x00000000f3300000)
  from space 13824K, 35% used [0x00000000f4780000,0x00000000f4c56ee0,0x00000000f5500000)
  to   space 17408K, 0% used [0x00000000f3300000,0x00000000f3300000,0x00000000f4400000)
 ParOldGen       total 115200K, used 57790K [0x00000000a0000000, 0x00000000a7080000, 0x00000000e0000000)
  object space 115200K, 50% used [0x00000000a0000000,0x00000000a386fbb8,0x00000000a7080000)
 Metaspace       used 69165K, capacity 71436K, committed 71960K, reserved 1112064K
  class space    used 9153K, capacity 9647K, committed 9776K, reserved 1048576K
}
Event: 28.997 GC heap before
{Heap before GC invocations=27 (full 4):
 PSYoungGen      total 328192K, used 319323K [0x00000000e0000000, 0x00000000f5500000, 0x0000000100000000)
  eden space 314368K, 100% used [0x00000000e0000000,0x00000000f3300000,0x00000000f3300000)
  from space 13824K, 35% used [0x00000000f4780000,0x00000000f4c56ee0,0x00000000f5500000)
  to   space 17408K, 0% used [0x00000000f3300000,0x00000000f3300000,0x00000000f4400000)
 ParOldGen       total 115200K, used 57790K [0x00000000a0000000, 0x00000000a7080000, 0x00000000e0000000)
  object space 115200K, 50% used [0x00000000a0000000,0x00000000a386fbb8,0x00000000a7080000)
 Metaspace       used 69221K, capacity 71514K, committed 71960K, reserved 1112064K
  class space    used 9154K, capacity 9648K, committed 9776K, reserved 1048576K
Event: 29.023 GC heap after
Heap after GC invocations=27 (full 4):
 PSYoungGen      total 331776K, used 13736K [0x00000000e0000000, 0x00000000f9a00000, 0x0000000100000000)
  eden space 314368K, 0% used [0x00000000e0000000,0x00000000e0000000,0x00000000f3300000)
  from space 17408K, 78% used [0x00000000f3300000,0x00000000f406a040,0x00000000f4400000)
  to   space 18944K, 0% used [0x00000000f8780000,0x00000000f8780000,0x00000000f9a00000)
 ParOldGen       total 115200K, used 58536K [0x00000000a0000000, 0x00000000a7080000, 0x00000000e0000000)
  object space 115200K, 50% used [0x00000000a0000000,0x00000000a392a140,0x00000000a7080000)
 Metaspace       used 69221K, capacity 71514K, committed 71960K, reserved 1112064K
  class space    used 9154K, capacity 9648K, committed 9776K, reserved 1048576K
}
Event: 30.052 GC heap before
{Heap before GC invocations=28 (full 4):
 PSYoungGen      total 331776K, used 328104K [0x00000000e0000000, 0x00000000f9a00000, 0x0000000100000000)
  eden space 314368K, 100% used [0x00000000e0000000,0x00000000f3300000,0x00000000f3300000)
  from space 17408K, 78% used [0x00000000f3300000,0x00000000f406a040,0x00000000f4400000)
  to   space 18944K, 0% used [0x00000000f8780000,0x00000000f8780000,0x00000000f9a00000)
 ParOldGen       total 115200K, used 58536K [0x00000000a0000000, 0x00000000a7080000, 0x00000000e0000000)
  object space 115200K, 50% used [0x00000000a0000000,0x00000000a392a140,0x00000000a7080000)
 Metaspace       used 69250K, capacity 71516K, committed 71960K, reserved 1112064K
  class space    used 9155K, capacity 9649K, committed 9776K, reserved 1048576K
Event: 30.077 GC heap after
Heap after GC invocations=28 (full 4):
 PSYoungGen      total 401408K, used 5435K [0x00000000e0000000, 0x00000000f9b00000, 0x0000000100000000)
  eden space 382464K, 0% used [0x00000000e0000000,0x00000000e0000000,0x00000000f7580000)
  from space 18944K, 28% used [0x00000000f8780000,0x00000000f8ccec88,0x00000000f9a00000)
  to   space 18432K, 0% used [0x00000000f7580000,0x00000000f7580000,0x00000000f8780000)
 ParOldGen       total 115200K, used 68998K [0x00000000a0000000, 0x00000000a7080000, 0x00000000e0000000)
  object space 115200K, 59% used [0x00000000a0000000,0x00000000a4361b10,0x00000000a7080000)
 Metaspace       used 69250K, capacity 71516K, committed 71960K, reserved 1112064K
  class space    used 9155K, capacity 9649K, committed 9776K, reserved 1048576K
}
Event: 31.637 GC heap before
{Heap before GC invocations=29 (full 4):
 PSYoungGen      total 401408K, used 387899K [0x00000000e0000000, 0x00000000f9b00000, 0x0000000100000000)
  eden space 382464K, 100% used [0x00000000e0000000,0x00000000f7580000,0x00000000f7580000)
  from space 18944K, 28% used [0x00000000f8780000,0x00000000f8ccec88,0x00000000f9a00000)
  to   space 18432K, 0% used [0x00000000f7580000,0x00000000f7580000,0x00000000f8780000)
 ParOldGen       total 115200K, used 68998K [0x00000000a0000000, 0x00000000a7080000, 0x00000000e0000000)
  object space 115200K, 59% used [0x00000000a0000000,0x00000000a4361b10,0x00000000a7080000)
 Metaspace       used 69442K, capacity 71732K, committed 72216K, reserved 1112064K
  class space    used 9162K, capacity 9653K, committed 9776K, reserved 1048576K
Event: 31.653 GC heap after
Heap after GC invocations=29 (full 4):
 PSYoungGen      total 400896K, used 4167K [0x00000000e0000000, 0x00000000fd300000, 0x0000000100000000)
  eden space 382464K, 0% used [0x00000000e0000000,0x00000000e0000000,0x00000000f7580000)
  from space 18432K, 22% used [0x00000000f7580000,0x00000000f7991d68,0x00000000f8780000)
  to   space 17920K, 0% used [0x00000000fc180000,0x00000000fc180000,0x00000000fd300000)
 ParOldGen       total 115200K, used 72502K [0x00000000a0000000, 0x00000000a7080000, 0x00000000e0000000)
  object space 115200K, 62% used [0x00000000a0000000,0x00000000a46cdb80,0x00000000a7080000)
 Metaspace       used 69442K, capacity 71732K, committed 72216K, reserved 1112064K
  class space    used 9162K, capacity 9653K, committed 9776K, reserved 1048576K
}

